FinalProject/app/build/intermediates/manifest_merge_blame_file/debug/manifest-merger-blame-debug-report.txt
1<?xml version="1.0" encoding="utf-8"?>
2<manifest xmlns:android="http://schemas.android.com/apk/res/android"
3    package="com.example.finalproject"
4    android:versionCode="1"
5    android:versionName="1.0" >
6
7    <uses-sdk
8        android:minSdkVersion="16"
8-->src\main\AndroidManifest.xml
9        android:targetSdkVersion="30" />
9-->src\main\AndroidManifest.xml
10
11    <!-- EXTERNAL_STORAGE permissions are optional for Android 6.0 onwards. -->
12    <uses-permission
12-->src\main\AndroidManifest.xml:38:5-40:38
13        android:name="android.permission.WRITE_EXTERNAL_STORAGE"
13-->src\main\AndroidManifest.xml:39:9-65
14        android:maxSdkVersion="22" />
14-->src\main\AndroidManifest.xml:40:9-35
15    <uses-permission
15-->src\main\AndroidManifest.xml:41:5-43:38
16        android:name="android.permission.READ_EXTERNAL_STORAGE"
16-->src\main\AndroidManifest.xml:42:9-64
17        android:maxSdkVersion="22" />
17-->src\main\AndroidManifest.xml:43:9-35
18    <uses-permission android:name="android.permission.ACCESS_FINE_LOCATION" />
18-->src\main\AndroidManifest.xml:45:5-79
18-->src\main\AndroidManifest.xml:45:22-76
19    <uses-permission android:name="android.permission.ACCESS_COARSE_LOCATION" />
19-->src\main\AndroidManifest.xml:46:5-81
19-->src\main\AndroidManifest.xml:46:22-78
20
21    <!-- Include required permissions for Google Maps API to run. -->
22    <uses-permission android:name="android.permission.ACCESS_NETWORK_STATE" />
22-->[com.google.android.gms:play-services-maps:17.0.0] AndroidManifest.xml:23:5-79
22-->[com.google.android.gms:play-services-maps:17.0.0] AndroidManifest.xml:23:22-76
23    <uses-permission android:name="android.permission.INTERNET" />
23-->[com.google.android.gms:play-services-maps:17.0.0] AndroidManifest.xml:24:5-67
23-->[com.google.android.gms:play-services-maps:17.0.0] AndroidManifest.xml:24:22-64
24
25    <uses-feature
25-->[com.google.android.gms:play-services-maps:17.0.0] AndroidManifest.xml:26:5-28:35
26        android:glEsVersion="0x00020000"
26-->[com.google.android.gms:play-services-maps:17.0.0] AndroidManifest.xml:27:9-41
27        android:required="true" />
27-->[com.google.android.gms:play-services-maps:17.0.0] AndroidManifest.xml:28:9-32
28
29    <application
29-->src\main\AndroidManifest.xml:5:5-34:19
30        android:allowBackup="true"
30-->src\main\AndroidManifest.xml:6:9-35
31        android:appComponentFactory="androidx.core.app.CoreComponentFactory"
31-->[androidx.core:core:1.3.1] AndroidManifest.xml:24:18-86
32        android:debuggable="true"
33        android:icon="@mipmap/ic_launcher"
33-->src\main\AndroidManifest.xml:7:9-43
34        android:label="@string/app_name"
34-->src\main\AndroidManifest.xml:8:9-41
35        android:roundIcon="@mipmap/ic_launcher_round"
35-->src\main\AndroidManifest.xml:9:9-54
36        android:supportsRtl="true"
36-->src\main\AndroidManifest.xml:10:9-35
37        android:testOnly="true"
38        android:theme="@style/Theme.FinalProject" >
38-->src\main\AndroidManifest.xml:11:9-50
39        <activity android:name="com.example.finalproject.MainActivity" >
39-->src\main\AndroidManifest.xml:12:9-18:20
39-->src\main\AndroidManifest.xml:12:19-47
40            <intent-filter>
40-->src\main\AndroidManifest.xml:13:13-17:29
41                <action android:name="android.intent.action.MAIN" />
41-->src\main\AndroidManifest.xml:14:17-69
41-->src\main\AndroidManifest.xml:14:25-66
42
43                <category android:name="android.intent.category.LAUNCHER" />
43-->src\main\AndroidManifest.xml:16:17-77
43-->src\main\AndroidManifest.xml:16:27-74
44            </intent-filter>
45        </activity>
46        <activity android:name="com.example.finalproject.SignupActivity" />
46-->src\main\AndroidManifest.xml:19:9-61
46-->src\main\AndroidManifest.xml:19:19-49
47        <activity android:name="com.example.finalproject.LandingActivity" />
47-->src\main\AndroidManifest.xml:20:9-62
47-->src\main\AndroidManifest.xml:20:19-50
48        <activity android:name="com.example.finalproject.LandmarksActivity" />
48-->src\main\AndroidManifest.xml:21:9-64
48-->src\main\AndroidManifest.xml:21:19-52
49        <activity android:name="com.example.finalproject.CreateRouteActivity" />
49-->src\main\AndroidManifest.xml:22:9-66
49-->src\main\AndroidManifest.xml:22:19-54
50        <activity android:name="com.example.finalproject.PopularRoutesActivity" />
50-->src\main\AndroidManifest.xml:23:9-68
50-->src\main\AndroidManifest.xml:23:19-56
51        <activity android:name="com.example.finalproject.NewChecklistActivity" />
51-->src\main\AndroidManifest.xml:24:9-67
51-->src\main\AndroidManifest.xml:24:19-55
52        <activity android:name="com.example.finalproject.EditChecklistActivity" />
52-->src\main\AndroidManifest.xml:25:9-68
52-->src\main\AndroidManifest.xml:25:19-56
53        <activity android:name="com.example.finalproject.DetailChecklistActivity" />
53-->src\main\AndroidManifest.xml:26:9-70
53-->src\main\AndroidManifest.xml:26:19-58
54        <activity android:name="com.example.finalproject.ChecklistActivity" />
54-->src\main\AndroidManifest.xml:28:9-64
54-->src\main\AndroidManifest.xml:28:19-52
55        <activity android:name="com.example.finalproject.ResourcesActivity" />
55-->src\main\AndroidManifest.xml:29:9-64
55-->src\main\AndroidManifest.xml:29:19-52
56
57        <meta-data
57-->src\main\AndroidManifest.xml:31:9-33:71
58            android:name="com.google.android.geo.API_KEY"
58-->src\main\AndroidManifest.xml:32:13-58
59            android:value="AIzaSyCqydQlLuSgi0durCPpfKQLfLslEiefgis" />
59-->src\main\AndroidManifest.xml:33:13-68
60        <!-- Needs to be explicitly declared on P+ -->
61        <uses-library
61-->[com.google.android.gms:play-services-maps:17.0.0] AndroidManifest.xml:33:9-35:40
62            android:name="org.apache.http.legacy"
62-->[com.google.android.gms:play-services-maps:17.0.0] AndroidManifest.xml:34:13-50
63            android:required="false" />
63-->[com.google.android.gms:play-services-maps:17.0.0] AndroidManifest.xml:35:13-37
64
65        <activity
65-->[com.google.android.gms:play-services-base:17.5.0] AndroidManifest.xml:23:9-26:75
66            android:name="com.google.android.gms.common.api.GoogleApiActivity"
66-->[com.google.android.gms:play-services-base:17.5.0] AndroidManifest.xml:24:13-79
67            android:exported="false"
67-->[com.google.android.gms:play-services-base:17.5.0] AndroidManifest.xml:25:13-37
68            android:theme="@android:style/Theme.Translucent.NoTitleBar" />
68-->[com.google.android.gms:play-services-base:17.5.0] AndroidManifest.xml:26:13-72
69
70        <meta-data
70-->[com.google.android.gms:play-services-basement:17.5.0] AndroidManifest.xml:23:9-25:69
71            android:name="com.google.android.gms.version"
71-->[com.google.android.gms:play-services-basement:17.5.0] AndroidManifest.xml:24:13-58
72            android:value="@integer/google_play_services_version" />
72-->[com.google.android.gms:play-services-basement:17.5.0] AndroidManifest.xml:25:13-66
73    </application>
74
75</manifest>